#
# There is insufficient memory for the Java Runtime Environment to continue.
# Native memory allocation (mmap) failed to map 27262976 bytes for G1 virtual space
# Possible reasons:
#   The system is out of physical RAM or swap space
#   The process is running with CompressedOops enabled, and the Java Heap may be blocking the growth of the native heap
# Possible solutions:
#   Reduce memory load on the system
#   Increase physical memory or swap space
#   Check if swap backing store is full
#   Decrease Java heap size (-Xmx/-Xms)
#   Decrease number of Java threads
#   Decrease Java thread stack sizes (-Xss)
#   Set larger code cache with -XX:ReservedCodeCacheSize=
#   JVM is running with Unscaled Compressed Oops mode in which the Java heap is
#     placed in the first 4GB address space. The Java Heap base address is the
#     maximum limit for the native heap growth. Please use -XX:HeapBaseMinAddress
#     to set the Java Heap base and to place the Java Heap above 4GB virtual address.
# This output file may be truncated or incomplete.
#
#  Out of Memory Error (os_windows.cpp:3769), pid=9396, tid=18808
#
# JRE version: OpenJDK Runtime Environment (17.0.6) (build 17.0.6+0-b2043.56-9586694)
# Java VM: OpenJDK 64-Bit Server VM (17.0.6+0-b2043.56-9586694, mixed mode, tiered, compressed oops, compressed class ptrs, g1 gc, windows-amd64)
# No core dump will be written. Minidumps are not enabled by default on client versions of Windows
#

---------------  S U M M A R Y ------------

Command Line: --add-opens=java.base/java.util=ALL-UNNAMED --add-opens=java.base/java.lang=ALL-UNNAMED --add-opens=java.base/java.lang.invoke=ALL-UNNAMED --add-opens=java.prefs/java.util.prefs=ALL-UNNAMED --add-opens=java.base/java.nio.charset=ALL-UNNAMED --add-opens=java.base/java.net=ALL-UNNAMED --add-opens=java.base/java.util.concurrent.atomic=ALL-UNNAMED -Xmx2048m -Dfile.encoding=UTF-8 -Duser.country=US -Duser.language=en -Duser.variant -javaagent:C:\Users\GIA KIET\.gradle\wrapper\dists\gradle-8.4-bin\1w5dpkrfk8irigvoxmyhowfim\gradle-8.4\lib\agents\gradle-instrumentation-agent-8.4.jar org.gradle.launcher.daemon.bootstrap.GradleDaemon 8.4

Host: 12th Gen Intel(R) Core(TM) i5-12500H, 16 cores, 15G,  Windows 11 , 64 bit Build 22621 (10.0.22621.3235)
Time: Fri May 17 14:43:00 2024 SE Asia Standard Time elapsed time: 7.432868 seconds (0d 0h 0m 7s)

---------------  T H R E A D  ---------------

Current thread (0x00000284169a57c0):  VMThread "VM Thread" [stack: 0x000000a24ad00000,0x000000a24ae00000] [id=18808]

Stack: [0x000000a24ad00000,0x000000a24ae00000]
Native frames: (J=compiled Java code, j=interpreted, Vv=VM code, C=native code)
V  [jvm.dll+0x683b4a]
V  [jvm.dll+0x842654]
V  [jvm.dll+0x843dfe]
V  [jvm.dll+0x844463]
V  [jvm.dll+0x249b75]
V  [jvm.dll+0x680a19]
V  [jvm.dll+0x674f0a]
V  [jvm.dll+0x309acb]
V  [jvm.dll+0x310f86]
V  [jvm.dll+0x3608ee]
V  [jvm.dll+0x360b1f]
V  [jvm.dll+0x2dfbf8]
V  [jvm.dll+0x2ddec4]
V  [jvm.dll+0x2dd4cc]
V  [jvm.dll+0x321f3b]
V  [jvm.dll+0x84893b]
V  [jvm.dll+0x849674]
V  [jvm.dll+0x849b8d]
V  [jvm.dll+0x849f64]
V  [jvm.dll+0x84a030]
V  [jvm.dll+0x7f25fa]
V  [jvm.dll+0x682985]
C  [ucrtbase.dll+0x29363]
C  [KERNEL32.DLL+0x1257d]
C  [ntdll.dll+0x5aa58]

VM_Operation (0x000000a24dffd8a0): G1CollectForAllocation, mode: safepoint, requested by thread 0x000002841ae1e400


---------------  P R O C E S S  ---------------

Threads class SMR info:
_java_thread_list=0x000002841a217c80, length=55, elements={
0x000002847bfa4af0, 0x000002841747c020, 0x000002841747cda0, 0x00000284174a22b0,
0x00000284174a2e60, 0x00000284174a3c20, 0x00000284174a85f0, 0x00000284174a9380,
0x00000284174aa230, 0x00000284174acc30, 0x00000284175e7710, 0x0000028417659020,
0x0000028417661520, 0x0000028417664260, 0x0000028417790da0, 0x0000028419b5c4b0,
0x0000028418653850, 0x000002841a221a70, 0x000002841a18afc0, 0x00000284188b0910,
0x000002841a02d1e0, 0x000002841a123a10, 0x000002841890b7d0, 0x000002841890a960,
0x000002841890ae30, 0x000002841890c640, 0x0000028418909af0, 0x000002841890b300,
0x0000028418909150, 0x000002841890a490, 0x0000028418909620, 0x000002841ae19230,
0x000002841ae19700, 0x000002841ae1c720, 0x000002841ae1b8b0, 0x000002841ae1e400,
0x000002841ae1d0c0, 0x000002841ae1d590, 0x000002841ae1e8d0, 0x000002841ae1cbf0,
0x000002841ae18d60, 0x000002841ae1da60, 0x000002841ae183c0, 0x000002841ae19bd0,
0x000002841ae1bd80, 0x000002841ae18890, 0x000002841ae41d40, 0x000002841b55b4d0,
0x000002841ae1c250, 0x000002841ae1b3e0, 0x000002841ae1a0a0, 0x000002841ae1df30,
0x000002841ae1af10, 0x000002841ae1eda0, 0x0000028419ed2a90
}

Java Threads: ( => current thread )
  0x000002847bfa4af0 JavaThread "main" [_thread_blocked, id=6964, stack(0x000000a24a700000,0x000000a24a800000)]
  0x000002841747c020 JavaThread "Reference Handler" daemon [_thread_blocked, id=16764, stack(0x000000a24ae00000,0x000000a24af00000)]
  0x000002841747cda0 JavaThread "Finalizer" daemon [_thread_blocked, id=14076, stack(0x000000a24af00000,0x000000a24b000000)]
  0x00000284174a22b0 JavaThread "Signal Dispatcher" daemon [_thread_blocked, id=3988, stack(0x000000a24b000000,0x000000a24b100000)]
  0x00000284174a2e60 JavaThread "Attach Listener" daemon [_thread_blocked, id=4388, stack(0x000000a24b100000,0x000000a24b200000)]
  0x00000284174a3c20 JavaThread "Service Thread" daemon [_thread_blocked, id=13232, stack(0x000000a24b200000,0x000000a24b300000)]
  0x00000284174a85f0 JavaThread "Monitor Deflation Thread" daemon [_thread_blocked, id=17796, stack(0x000000a24b300000,0x000000a24b400000)]
  0x00000284174a9380 JavaThread "C2 CompilerThread0" daemon [_thread_blocked, id=13784, stack(0x000000a24b400000,0x000000a24b500000)]
  0x00000284174aa230 JavaThread "C1 CompilerThread0" daemon [_thread_blocked, id=12320, stack(0x000000a24b500000,0x000000a24b600000)]
  0x00000284174acc30 JavaThread "Sweeper thread" daemon [_thread_blocked, id=13400, stack(0x000000a24b600000,0x000000a24b700000)]
  0x00000284175e7710 JavaThread "Common-Cleaner" daemon [_thread_blocked, id=11840, stack(0x000000a24b700000,0x000000a24b800000)]
  0x0000028417659020 JavaThread "C1 CompilerThread1" daemon [_thread_blocked, id=18348, stack(0x000000a24b800000,0x000000a24b900000)]
  0x0000028417661520 JavaThread "C1 CompilerThread2" daemon [_thread_blocked, id=9884, stack(0x000000a24b900000,0x000000a24ba00000)]
  0x0000028417664260 JavaThread "C1 CompilerThread3" daemon [_thread_blocked, id=18672, stack(0x000000a24ba00000,0x000000a24bb00000)]
  0x0000028417790da0 JavaThread "Notification Thread" daemon [_thread_blocked, id=14964, stack(0x000000a24bb00000,0x000000a24bc00000)]
  0x0000028419b5c4b0 JavaThread "Daemon health stats" [_thread_blocked, id=15380, stack(0x000000a24c400000,0x000000a24c500000)]
  0x0000028418653850 JavaThread "Incoming local TCP Connector on port 61699" [_thread_in_native, id=12124, stack(0x000000a24c500000,0x000000a24c600000)]
  0x000002841a221a70 JavaThread "Daemon periodic checks" [_thread_blocked, id=1932, stack(0x000000a24c600000,0x000000a24c700000)]
  0x000002841a18afc0 JavaThread "Daemon" [_thread_blocked, id=12064, stack(0x000000a24c700000,0x000000a24c800000)]
  0x00000284188b0910 JavaThread "Handler for socket connection from /127.0.0.1:61699 to /127.0.0.1:61700" [_thread_in_native, id=17288, stack(0x000000a24c800000,0x000000a24c900000)]
  0x000002841a02d1e0 JavaThread "Cancel handler" [_thread_blocked, id=16696, stack(0x000000a24c900000,0x000000a24ca00000)]
  0x000002841a123a10 JavaThread "Daemon worker" [_thread_blocked, id=16532, stack(0x000000a24ca00000,0x000000a24cb00000)]
  0x000002841890b7d0 JavaThread "Asynchronous log dispatcher for DefaultDaemonConnection: socket connection from /127.0.0.1:61699 to /127.0.0.1:61700" [_thread_blocked, id=14484, stack(0x000000a24cb00000,0x000000a24cc00000)]
  0x000002841890a960 JavaThread "Stdin handler" [_thread_blocked, id=4656, stack(0x000000a24cc00000,0x000000a24cd00000)]
  0x000002841890ae30 JavaThread "Daemon client event forwarder" [_thread_blocked, id=7488, stack(0x000000a24cd00000,0x000000a24ce00000)]
  0x000002841890c640 JavaThread "Cache worker for journal cache (C:\Users\GIA KIET\.gradle\caches\journal-1)" [_thread_blocked, id=13128, stack(0x000000a24d600000,0x000000a24d700000)]
  0x0000028418909af0 JavaThread "File lock request listener" [_thread_in_native, id=16796, stack(0x000000a24d700000,0x000000a24d800000)]
  0x000002841890b300 JavaThread "Cache worker for file hash cache (C:\Users\GIA KIET\.gradle\caches\8.4\fileHashes)" [_thread_blocked, id=2420, stack(0x000000a24d800000,0x000000a24d900000)]
  0x0000028418909150 JavaThread "File watcher server" daemon [_thread_in_native, id=3128, stack(0x000000a24da00000,0x000000a24db00000)]
  0x000002841890a490 JavaThread "File watcher consumer" daemon [_thread_blocked, id=984, stack(0x000000a24db00000,0x000000a24dc00000)]
  0x0000028418909620 JavaThread "jar transforms" [_thread_blocked, id=15264, stack(0x000000a24bd00000,0x000000a24be00000)]
  0x000002841ae19230 JavaThread "jar transforms Thread 2" [_thread_blocked, id=18456, stack(0x000000a24d900000,0x000000a24da00000)]
  0x000002841ae19700 JavaThread "jar transforms Thread 3" [_thread_blocked, id=16400, stack(0x000000a24dc00000,0x000000a24dd00000)]
  0x000002841ae1c720 JavaThread "jar transforms Thread 4" [_thread_blocked, id=15072, stack(0x000000a24dd00000,0x000000a24de00000)]
  0x000002841ae1b8b0 JavaThread "jar transforms Thread 5" [_thread_blocked, id=16048, stack(0x000000a24de00000,0x000000a24df00000)]
  0x000002841ae1e400 JavaThread "jar transforms Thread 6" [_thread_blocked, id=16292, stack(0x000000a24df00000,0x000000a24e000000)]
  0x000002841ae1d0c0 JavaThread "jar transforms Thread 7" [_thread_blocked, id=18116, stack(0x000000a24e000000,0x000000a24e100000)]
  0x000002841ae1d590 JavaThread "jar transforms Thread 8" [_thread_blocked, id=14332, stack(0x000000a24e100000,0x000000a24e200000)]
  0x000002841ae1e8d0 JavaThread "jar transforms Thread 9" [_thread_blocked, id=8384, stack(0x000000a24e200000,0x000000a24e300000)]
  0x000002841ae1cbf0 JavaThread "jar transforms Thread 10" [_thread_blocked, id=13048, stack(0x000000a24e300000,0x000000a24e400000)]
  0x000002841ae18d60 JavaThread "jar transforms Thread 11" [_thread_blocked, id=14764, stack(0x000000a24e400000,0x000000a24e500000)]
  0x000002841ae1da60 JavaThread "jar transforms Thread 12" [_thread_blocked, id=16288, stack(0x000000a24e500000,0x000000a24e600000)]
  0x000002841ae183c0 JavaThread "jar transforms Thread 13" [_thread_blocked, id=4332, stack(0x000000a24e600000,0x000000a24e700000)]
  0x000002841ae19bd0 JavaThread "jar transforms Thread 14" [_thread_blocked, id=6548, stack(0x000000a24e700000,0x000000a24e800000)]
  0x000002841ae1bd80 JavaThread "jar transforms Thread 15" [_thread_blocked, id=5448, stack(0x000000a24e800000,0x000000a24e900000)]
  0x000002841ae18890 JavaThread "jar transforms Thread 16" [_thread_blocked, id=4116, stack(0x000000a24e900000,0x000000a24ea00000)]
  0x000002841ae41d40 JavaThread "C2 CompilerThread1" daemon [_thread_blocked, id=6892, stack(0x000000a24ea00000,0x000000a24eb00000)]
  0x000002841b55b4d0 JavaThread "C2 CompilerThread2" daemon [_thread_blocked, id=4832, stack(0x000000a24eb00000,0x000000a24ec00000)]
  0x000002841ae1c250 JavaThread "Cache worker for checksums cache (E:\Lab4_3\.gradle\8.4\checksums)" [_thread_blocked, id=15556, stack(0x000000a24ec00000,0x000000a24ed00000)]
  0x000002841ae1b3e0 JavaThread "Cache worker for file hash cache (E:\Lab4_3\.gradle\8.4\fileHashes)" [_thread_blocked, id=17696, stack(0x000000a24ed00000,0x000000a24ee00000)]
  0x000002841ae1a0a0 JavaThread "Cache worker for cache directory md-supplier (C:\Users\GIA KIET\.gradle\caches\8.4\md-supplier)" [_thread_blocked, id=10256, stack(0x000000a24ee00000,0x000000a24ef00000)]
  0x000002841ae1df30 JavaThread "Cache worker for file content cache (C:\Users\GIA KIET\.gradle\caches\8.4\fileContent)" [_thread_blocked, id=13816, stack(0x000000a24ef00000,0x000000a24f000000)]
  0x000002841ae1af10 JavaThread "Cache worker for cache directory md-rule (C:\Users\GIA KIET\.gradle\caches\8.4\md-rule)" [_thread_blocked, id=9580, stack(0x000000a24f000000,0x000000a24f100000)]
  0x000002841ae1eda0 JavaThread "Cache worker for execution history cache (C:\Users\GIA KIET\.gradle\caches\8.4\executionHistory)" [_thread_blocked, id=4700, stack(0x000000a24f100000,0x000000a24f200000)]
  0x0000028419ed2a90 JavaThread "C2 CompilerThread3" daemon [_thread_in_native, id=15648, stack(0x000000a24f200000,0x000000a24f300000)]

Other Threads:
=>0x00000284169a57c0 VMThread "VM Thread" [stack: 0x000000a24ad00000,0x000000a24ae00000] [id=18808]
  0x000002847c02ecd0 WatcherThread [stack: 0x000000a24bc00000,0x000000a24bd00000] [id=11324]
  0x000002847bfff950 GCTaskThread "GC Thread#0" [stack: 0x000000a24a800000,0x000000a24a900000] [id=18996]
  0x0000028417d8d6e0 GCTaskThread "GC Thread#1" [stack: 0x000000a24bf00000,0x000000a24c000000] [id=7148]
  0x0000028417d8d990 GCTaskThread "GC Thread#2" [stack: 0x000000a24c000000,0x000000a24c100000] [id=7020]
  0x00000284183ec560 GCTaskThread "GC Thread#3" [stack: 0x000000a24c100000,0x000000a24c200000] [id=2316]
  0x00000284183ec810 GCTaskThread "GC Thread#4" [stack: 0x000000a24c200000,0x000000a24c300000] [id=11520]
  0x00000284184171f0 GCTaskThread "GC Thread#5" [stack: 0x000000a24c300000,0x000000a24c400000] [id=16500]
  0x0000028418417f60 GCTaskThread "GC Thread#6" [stack: 0x000000a24be00000,0x000000a24bf00000] [id=18676]
  0x0000028418416480 GCTaskThread "GC Thread#7" [stack: 0x000000a24ce00000,0x000000a24cf00000] [id=10260]
  0x0000028418416730 GCTaskThread "GC Thread#8" [stack: 0x000000a24cf00000,0x000000a24d000000] [id=11908]
  0x0000028418417a00 GCTaskThread "GC Thread#9" [stack: 0x000000a24d000000,0x000000a24d100000] [id=16732]
  0x00000284184169e0 GCTaskThread "GC Thread#10" [stack: 0x000000a24d100000,0x000000a24d200000] [id=14448]
  0x0000028419e98620 GCTaskThread "GC Thread#11" [stack: 0x000000a24d200000,0x000000a24d300000] [id=17544]
  0x0000028419e95dd0 GCTaskThread "GC Thread#12" [stack: 0x000000a24d300000,0x000000a24d400000] [id=11296]
  0x000002847c010890 ConcurrentGCThread "G1 Main Marker" [stack: 0x000000a24a900000,0x000000a24aa00000] [id=16460]
  0x000002847c0112a0 ConcurrentGCThread "G1 Conc#0" [stack: 0x000000a24aa00000,0x000000a24ab00000] [id=9788]
  0x0000028419e95870 ConcurrentGCThread "G1 Conc#1" [stack: 0x000000a24d400000,0x000000a24d500000] [id=17596]
  0x0000028419e965e0 ConcurrentGCThread "G1 Conc#2" [stack: 0x000000a24d500000,0x000000a24d600000] [id=19320]
  0x000002847c05e950 ConcurrentGCThread "G1 Refine#0" [stack: 0x000000a24ab00000,0x000000a24ac00000] [id=3320]
  0x000002841685a600 ConcurrentGCThread "G1 Service" [stack: 0x000000a24ac00000,0x000000a24ad00000] [id=16080]

Threads with active compile tasks:
C2 CompilerThread0     7451 5498       4       com.google.common.collect.AbstractIterator::hasNext (65 bytes)
C2 CompilerThread1     7451 5501       4       org.gradle.internal.io.IoSupplier$$Lambda$642/0x000000010068abb0::get (8 bytes)
C2 CompilerThread2     7451 5502       4       org.gradle.api.internal.changedetection.state.FallbackHandlingResourceHasher$$Lambda$774/0x000000010075b678::get (12 bytes)
C2 CompilerThread3     7451 5400       4       java.lang.invoke.MethodType::makeImpl (109 bytes)

VM state: at safepoint (normal execution)

VM Mutex/Monitor currently owned by a thread:  ([mutex/lock_event])
[0x000002847bf9f250] Threads_lock - owner thread: 0x00000284169a57c0
[0x000002847bfa08d0] Heap_lock - owner thread: 0x000002841ae1e400

Heap address: 0x0000000080000000, size: 2048 MB, Compressed Oops mode: 32-bit

CDS archive(s) not mapped
Compressed class space mapped at: 0x0000000100000000-0x0000000140000000, reserved size: 1073741824
Narrow klass base: 0x0000000000000000, Narrow klass shift: 3, Narrow klass range: 0x140000000

GC Precious Log:
 CPUs: 16 total, 16 available
 Memory: 16088M
 Large Page Support: Disabled
 NUMA Support: Disabled
 Compressed Oops: Enabled (32-bit)
 Heap Region Size: 1M
 Heap Min Capacity: 8M
 Heap Initial Capacity: 252M
 Heap Max Capacity: 2G
 Pre-touch: Disabled
 Parallel Workers: 13
 Concurrent Workers: 3
 Concurrent Refinement Workers: 13
 Periodic GC: Disabled

Heap:
 garbage-first heap   total 132096K, used 76409K [0x0000000080000000, 0x0000000100000000)
  region size 1024K, 3 young (3072K), 3 survivors (3072K)
 Metaspace       used 53925K, committed 54336K, reserved 1097728K
  class space    used 7213K, committed 7360K, reserved 1048576K

Heap Regions: E=young(eden), S=young(survivor), O=old, HS=humongous(starts), HC=humongous(continues), CS=collection set, F=free, OA=open archive, CA=closed archive, TAMS=top-at-mark-start (previous, next)
|   0|0x0000000080000000, 0x0000000080100000, 0x0000000080100000|100%|HS|  |TAMS 0x0000000080100000, 0x0000000080000000| Complete 
|   1|0x0000000080100000, 0x0000000080200000, 0x0000000080200000|100%|HC|  |TAMS 0x0000000080200000, 0x0000000080100000| Complete 
|   2|0x0000000080200000, 0x0000000080300000, 0x0000000080300000|100%|HC|  |TAMS 0x0000000080300000, 0x0000000080200000| Complete 
|   3|0x0000000080300000, 0x0000000080400000, 0x0000000080400000|100%|HC|  |TAMS 0x0000000080400000, 0x0000000080300000| Complete 
|   4|0x0000000080400000, 0x0000000080500000, 0x0000000080500000|100%| O|  |TAMS 0x0000000080500000, 0x0000000080400000| Untracked 
|   5|0x0000000080500000, 0x0000000080600000, 0x0000000080600000|100%| O|  |TAMS 0x0000000080600000, 0x0000000080500000| Untracked 
|   6|0x0000000080600000, 0x0000000080700000, 0x0000000080700000|100%| O|  |TAMS 0x0000000080700000, 0x0000000080600000| Untracked 
|   7|0x0000000080700000, 0x0000000080800000, 0x0000000080800000|100%| O|  |TAMS 0x0000000080800000, 0x0000000080700000| Untracked 
|   8|0x0000000080800000, 0x0000000080900000, 0x0000000080900000|100%| O|  |TAMS 0x0000000080900000, 0x0000000080800000| Untracked 
|   9|0x0000000080900000, 0x0000000080a00000, 0x0000000080a00000|100%| O|  |TAMS 0x0000000080a00000, 0x0000000080900000| Untracked 
|  10|0x0000000080a00000, 0x0000000080a50600, 0x0000000080b00000| 31%| O|  |TAMS 0x0000000080a50600, 0x0000000080a00000| Untracked 
|  11|0x0000000080b00000, 0x0000000080c00000, 0x0000000080c00000|100%| O|  |TAMS 0x0000000080c00000, 0x0000000080b00000| Untracked 
|  12|0x0000000080c00000, 0x0000000080d00000, 0x0000000080d00000|100%| O|  |TAMS 0x0000000080d00000, 0x0000000080c00000| Untracked 
|  13|0x0000000080d00000, 0x0000000080e00000, 0x0000000080e00000|100%| O|  |TAMS 0x0000000080e00000, 0x0000000080d00000| Untracked 
|  14|0x0000000080e00000, 0x0000000080f00000, 0x0000000080f00000|100%| O|  |TAMS 0x0000000080f00000, 0x0000000080e00000| Untracked 
|  15|0x0000000080f00000, 0x0000000081000000, 0x0000000081000000|100%| O|  |TAMS 0x0000000081000000, 0x0000000080f00000| Untracked 
|  16|0x0000000081000000, 0x0000000081100000, 0x0000000081100000|100%| O|  |TAMS 0x0000000081100000, 0x0000000081000000| Untracked 
|  17|0x0000000081100000, 0x0000000081200000, 0x0000000081200000|100%| O|  |TAMS 0x0000000081200000, 0x0000000081100000| Untracked 
|  18|0x0000000081200000, 0x0000000081300000, 0x0000000081300000|100%| O|  |TAMS 0x0000000081300000, 0x0000000081200000| Untracked 
|  19|0x0000000081300000, 0x0000000081400000, 0x0000000081400000|100%| O|  |TAMS 0x0000000081400000, 0x0000000081300000| Untracked 
|  20|0x0000000081400000, 0x0000000081500000, 0x0000000081500000|100%|HS|  |TAMS 0x0000000081500000, 0x0000000081400000| Complete 
|  21|0x0000000081500000, 0x0000000081600000, 0x0000000081600000|100%|HC|  |TAMS 0x0000000081600000, 0x0000000081500000| Complete 
|  22|0x0000000081600000, 0x0000000081700000, 0x0000000081700000|100%|HS|  |TAMS 0x0000000081700000, 0x0000000081600000| Complete 
|  23|0x0000000081700000, 0x0000000081800000, 0x0000000081800000|100%|HC|  |TAMS 0x0000000081800000, 0x0000000081700000| Complete 
|  24|0x0000000081800000, 0x0000000081900000, 0x0000000081900000|100%|HC|  |TAMS 0x0000000081900000, 0x0000000081800000| Complete 
|  25|0x0000000081900000, 0x0000000081a00000, 0x0000000081a00000|100%|HS|  |TAMS 0x0000000081a00000, 0x0000000081900000| Complete 
|  26|0x0000000081a00000, 0x0000000081b00000, 0x0000000081b00000|100%|HC|  |TAMS 0x0000000081b00000, 0x0000000081a00000| Complete 
|  27|0x0000000081b00000, 0x0000000081c00000, 0x0000000081c00000|100%|HC|  |TAMS 0x0000000081c00000, 0x0000000081b00000| Complete 
|  28|0x0000000081c00000, 0x0000000081d00000, 0x0000000081d00000|100%|HS|  |TAMS 0x0000000081d00000, 0x0000000081c00000| Complete 
|  29|0x0000000081d00000, 0x0000000081e00000, 0x0000000081e00000|100%|HC|  |TAMS 0x0000000081e00000, 0x0000000081d00000| Complete 
|  30|0x0000000081e00000, 0x0000000081f00000, 0x0000000081f00000|100%| O|  |TAMS 0x0000000081f00000, 0x0000000081e00000| Untracked 
|  31|0x0000000081f00000, 0x0000000082000000, 0x0000000082000000|100%|HS|  |TAMS 0x0000000082000000, 0x0000000081f00000| Complete 
|  32|0x0000000082000000, 0x0000000082100000, 0x0000000082100000|100%|HC|  |TAMS 0x0000000082100000, 0x0000000082000000| Complete 
|  33|0x0000000082100000, 0x0000000082200000, 0x0000000082200000|100%|HC|  |TAMS 0x0000000082200000, 0x0000000082100000| Complete 
|  34|0x0000000082200000, 0x0000000082300000, 0x0000000082300000|100%|HC|  |TAMS 0x0000000082300000, 0x0000000082200000| Complete 
|  35|0x0000000082300000, 0x0000000082400000, 0x0000000082400000|100%|HC|  |TAMS 0x0000000082400000, 0x0000000082300000| Complete 
|  36|0x0000000082400000, 0x0000000082500000, 0x0000000082500000|100%|HC|  |TAMS 0x0000000082500000, 0x0000000082400000| Complete 
|  37|0x0000000082500000, 0x0000000082600000, 0x0000000082600000|100%|HC|  |TAMS 0x0000000082600000, 0x0000000082500000| Complete 
|  38|0x0000000082600000, 0x0000000082700000, 0x0000000082700000|100%|HC|  |TAMS 0x0000000082700000, 0x0000000082600000| Complete 
|  39|0x0000000082700000, 0x0000000082800000, 0x0000000082800000|100%|HC|  |TAMS 0x0000000082800000, 0x0000000082700000| Complete 
|  40|0x0000000082800000, 0x0000000082900000, 0x0000000082900000|100%|HC|  |TAMS 0x0000000082900000, 0x0000000082800000| Complete 
|  41|0x0000000082900000, 0x0000000082a00000, 0x0000000082a00000|100%| O|  |TAMS 0x0000000082a00000, 0x0000000082900000| Untracked 
|  42|0x0000000082a00000, 0x0000000082b00000, 0x0000000082b00000|100%| O|  |TAMS 0x0000000082b00000, 0x0000000082a00000| Untracked 
|  43|0x0000000082b00000, 0x0000000082c00000, 0x0000000082c00000|100%| O|  |TAMS 0x0000000082c00000, 0x0000000082b00000| Untracked 
|  44|0x0000000082c00000, 0x0000000082d00000, 0x0000000082d00000|100%| O|  |TAMS 0x0000000082d00000, 0x0000000082c00000| Untracked 
|  45|0x0000000082d00000, 0x0000000082e00000, 0x0000000082e00000|100%|HS|  |TAMS 0x0000000082e00000, 0x0000000082d00000| Complete 
|  46|0x0000000082e00000, 0x0000000082f00000, 0x0000000082f00000|100%|HC|  |TAMS 0x0000000082f00000, 0x0000000082e00000| Complete 
|  47|0x0000000082f00000, 0x0000000083000000, 0x0000000083000000|100%|HS|  |TAMS 0x0000000083000000, 0x0000000082f00000| Complete 
|  48|0x0000000083000000, 0x0000000083100000, 0x0000000083100000|100%|HC|  |TAMS 0x0000000083100000, 0x0000000083000000| Complete 
|  49|0x0000000083100000, 0x0000000083200000, 0x0000000083200000|100%|HC|  |TAMS 0x0000000083200000, 0x0000000083100000| Complete 
|  50|0x0000000083200000, 0x0000000083300000, 0x0000000083300000|100%|HC|  |TAMS 0x0000000083300000, 0x0000000083200000| Complete 
|  51|0x0000000083300000, 0x0000000083400000, 0x0000000083400000|100%|HC|  |TAMS 0x0000000083400000, 0x0000000083300000| Complete 
|  52|0x0000000083400000, 0x0000000083500000, 0x0000000083500000|100%|HC|  |TAMS 0x0000000083500000, 0x0000000083400000| Complete 
|  53|0x0000000083500000, 0x0000000083600000, 0x0000000083600000|100%|HS|  |TAMS 0x0000000083600000, 0x0000000083500000| Complete 
|  54|0x0000000083600000, 0x0000000083700000, 0x0000000083700000|100%| O|  |TAMS 0x0000000083700000, 0x0000000083600000| Untracked 
|  55|0x0000000083700000, 0x0000000083800000, 0x0000000083800000|100%| O|  |TAMS 0x0000000083800000, 0x0000000083700000| Untracked 
|  56|0x0000000083800000, 0x0000000083900000, 0x0000000083900000|100%| O|  |TAMS 0x0000000083900000, 0x0000000083800000| Untracked 
|  57|0x0000000083900000, 0x0000000083a00000, 0x0000000083a00000|100%| O|  |TAMS 0x0000000083a00000, 0x0000000083900000| Untracked 
|  58|0x0000000083a00000, 0x0000000083b00000, 0x0000000083b00000|100%| O|  |TAMS 0x0000000083b00000, 0x0000000083a00000| Untracked 
|  59|0x0000000083b00000, 0x0000000083c00000, 0x0000000083c00000|100%|HS|  |TAMS 0x0000000083b00000, 0x0000000083b00000| Complete 
|  60|0x0000000083c00000, 0x0000000083d00000, 0x0000000083d00000|100%|HC|  |TAMS 0x0000000083c00000, 0x0000000083c00000| Complete 
|  61|0x0000000083d00000, 0x0000000083e00000, 0x0000000083e00000|100%|HS|  |TAMS 0x0000000083d00000, 0x0000000083d00000| Complete 
|  62|0x0000000083e00000, 0x0000000083e00000, 0x0000000083f00000|  0%| F|  |TAMS 0x0000000083e00000, 0x0000000083e00000| Untracked 
|  63|0x0000000083f00000, 0x0000000083f00000, 0x0000000084000000|  0%| F|  |TAMS 0x0000000083f00000, 0x0000000083f00000| Untracked 
|  64|0x0000000084000000, 0x0000000084100000, 0x0000000084100000|100%| O|  |TAMS 0x0000000084100000, 0x0000000084000000| Untracked 
|  65|0x0000000084100000, 0x0000000084200000, 0x0000000084200000|100%| O|  |TAMS 0x0000000084200000, 0x0000000084100000| Untracked 
|  66|0x0000000084200000, 0x0000000084300000, 0x0000000084300000|100%| O|  |TAMS 0x0000000084300000, 0x0000000084200000| Untracked 
|  67|0x0000000084300000, 0x0000000084400000, 0x0000000084400000|100%| O|  |TAMS 0x0000000084400000, 0x0000000084300000| Untracked 
|  68|0x0000000084400000, 0x000000008448e200, 0x0000000084500000| 55%| O|  |TAMS 0x000000008448e200, 0x0000000084400000| Untracked 
|  69|0x0000000084500000, 0x0000000084600000, 0x0000000084600000|100%|HS|  |TAMS 0x0000000084500000, 0x0000000084500000| Complete 
|  70|0x0000000084600000, 0x0000000084700000, 0x0000000084700000|100%|HC|  |TAMS 0x0000000084600000, 0x0000000084600000| Complete 
|  71|0x0000000084700000, 0x0000000084800000, 0x0000000084800000|100%|HC|  |TAMS 0x0000000084700000, 0x0000000084700000| Complete 
|  72|0x0000000084800000, 0x0000000084900000, 0x0000000084900000|100%|HC|  |TAMS 0x0000000084800000, 0x0000000084800000| Complete 
|  73|0x0000000084900000, 0x0000000084a00000, 0x0000000084a00000|100%|HC|  |TAMS 0x0000000084900000, 0x0000000084900000| Complete 
|  74|0x0000000084a00000, 0x0000000084b00000, 0x0000000084b00000|100%|HC|  |TAMS 0x0000000084a00000, 0x0000000084a00000| Complete 
|  75|0x0000000084b00000, 0x0000000084b00000, 0x0000000084c00000|  0%| F|  |TAMS 0x0000000084b00000, 0x0000000084b00000| Untracked 
|  76|0x0000000084c00000, 0x0000000084c00000, 0x0000000084d00000|  0%| F|  |TAMS 0x0000000084c00000, 0x0000000084c00000| Untracked 
|  77|0x0000000084d00000, 0x0000000084d00000, 0x0000000084e00000|  0%| F|  |TAMS 0x0000000084d00000, 0x0000000084d00000| Untracked 
|  78|0x0000000084e00000, 0x0000000084e00000, 0x0000000084f00000|  0%| F|  |TAMS 0x0000000084e00000, 0x0000000084e00000| Untracked 
|  79|0x0000000084f00000, 0x0000000084f00000, 0x0000000085000000|  0%| F|  |TAMS 0x0000000084f00000, 0x0000000084f00000| Untracked 
|  80|0x0000000085000000, 0x0000000085000000, 0x0000000085100000|  0%| F|  |TAMS 0x0000000085000000, 0x0000000085000000| Untracked 
|  81|0x0000000085100000, 0x0000000085100000, 0x0000000085200000|  0%| F|  |TAMS 0x0000000085100000, 0x0000000085100000| Untracked 
|  82|0x0000000085200000, 0x0000000085200000, 0x0000000085300000|  0%| F|  |TAMS 0x0000000085200000, 0x0000000085200000| Untracked 
|  83|0x0000000085300000, 0x0000000085300000, 0x0000000085400000|  0%| F|  |TAMS 0x0000000085300000, 0x0000000085300000| Untracked 
|  84|0x0000000085400000, 0x0000000085400000, 0x0000000085500000|  0%| F|  |TAMS 0x0000000085400000, 0x0000000085400000| Untracked 
|  85|0x0000000085500000, 0x0000000085500000, 0x0000000085600000|  0%| F|  |TAMS 0x0000000085500000, 0x0000000085500000| Untracked 
|  86|0x0000000085600000, 0x0000000085600000, 0x0000000085700000|  0%| F|  |TAMS 0x0000000085600000, 0x0000000085600000| Untracked 
|  87|0x0000000085700000, 0x0000000085700000, 0x0000000085800000|  0%| F|  |TAMS 0x0000000085700000, 0x0000000085700000| Untracked 
|  88|0x0000000085800000, 0x0000000085800000, 0x0000000085900000|  0%| F|  |TAMS 0x0000000085800000, 0x0000000085800000| Untracked 
|  89|0x0000000085900000, 0x0000000085900000, 0x0000000085a00000|  0%| F|  |TAMS 0x0000000085900000, 0x0000000085900000| Untracked 
|  90|0x0000000085a00000, 0x0000000085a00000, 0x0000000085b00000|  0%| F|  |TAMS 0x0000000085a00000, 0x0000000085a00000| Untracked 
|  91|0x0000000085b00000, 0x0000000085b00000, 0x0000000085c00000|  0%| F|  |TAMS 0x0000000085b00000, 0x0000000085b00000| Untracked 
|  92|0x0000000085c00000, 0x0000000085c00000, 0x0000000085d00000|  0%| F|  |TAMS 0x0000000085c00000, 0x0000000085c00000| Untracked 
|  93|0x0000000085d00000, 0x0000000085d00000, 0x0000000085e00000|  0%| F|  |TAMS 0x0000000085d00000, 0x0000000085d00000| Untracked 
|  94|0x0000000085e00000, 0x0000000085e00000, 0x0000000085f00000|  0%| F|  |TAMS 0x0000000085e00000, 0x0000000085e00000| Untracked 
|  95|0x0000000085f00000, 0x0000000085fbff98, 0x0000000086000000| 74%| S|CS|TAMS 0x0000000085f00000, 0x0000000085f00000| Complete 
|  96|0x0000000086000000, 0x0000000086100000, 0x0000000086100000|100%| S|CS|TAMS 0x0000000086000000, 0x0000000086000000| Complete 
|  97|0x0000000086100000, 0x0000000086200000, 0x0000000086200000|100%| S|CS|TAMS 0x0000000086100000, 0x0000000086100000| Complete 
|  98|0x0000000086200000, 0x0000000086200000, 0x0000000086300000|  0%| F|  |TAMS 0x0000000086200000, 0x0000000086200000| Untracked 
|  99|0x0000000086300000, 0x0000000086300000, 0x0000000086400000|  0%| F|  |TAMS 0x0000000086300000, 0x0000000086300000| Untracked 
| 100|0x0000000086400000, 0x0000000086400000, 0x0000000086500000|  0%| F|  |TAMS 0x0000000086400000, 0x0000000086400000| Untracked 
| 101|0x0000000086500000, 0x0000000086500000, 0x0000000086600000|  0%| F|  |TAMS 0x0000000086500000, 0x0000000086500000| Untracked 
| 102|0x0000000086600000, 0x0000000086600000, 0x0000000086700000|  0%| F|  |TAMS 0x0000000086600000, 0x0000000086600000| Untracked 
| 103|0x0000000086700000, 0x0000000086700000, 0x0000000086800000|  0%| F|  |TAMS 0x0000000086700000, 0x0000000086700000| Untracked 
| 104|0x0000000086800000, 0x0000000086800000, 0x0000000086900000|  0%| F|  |TAMS 0x0000000086800000, 0x0000000086800000| Untracked 
| 105|0x0000000086900000, 0x0000000086900000, 0x0000000086a00000|  0%| F|  |TAMS 0x0000000086900000, 0x0000000086900000| Untracked 
| 106|0x0000000086a00000, 0x0000000086a00000, 0x0000000086b00000|  0%| F|  |TAMS 0x0000000086a00000, 0x0000000086a00000| Untracked 
| 107|0x0000000086b00000, 0x0000000086b00000, 0x0000000086c00000|  0%| F|  |TAMS 0x0000000086b00000, 0x0000000086b00000| Untracked 
| 108|0x0000000086c00000, 0x0000000086c00000, 0x0000000086d00000|  0%| F|  |TAMS 0x0000000086c00000, 0x0000000086c00000| Untracked 
| 109|0x0000000086d00000, 0x0000000086d00000, 0x0000000086e00000|  0%| F|  |TAMS 0x0000000086d00000, 0x0000000086d00000| Untracked 
| 110|0x0000000086e00000, 0x0000000086e00000, 0x0000000086f00000|  0%| F|  |TAMS 0x0000000086e00000, 0x0000000086e00000| Untracked 
| 111|0x0000000086f00000, 0x0000000086f00000, 0x0000000087000000|  0%| F|  |TAMS 0x0000000086f00000, 0x0000000086f00000| Untracked 
| 112|0x0000000087000000, 0x0000000087000000, 0x0000000087100000|  0%| F|  |TAMS 0x0000000087000000, 0x0000000087000000| Untracked 
| 113|0x0000000087100000, 0x0000000087100000, 0x0000000087200000|  0%| F|  |TAMS 0x0000000087100000, 0x0000000087100000| Untracked 
| 114|0x0000000087200000, 0x0000000087200000, 0x0000000087300000|  0%| F|  |TAMS 0x0000000087200000, 0x0000000087200000| Untracked 
| 115|0x0000000087300000, 0x0000000087300000, 0x0000000087400000|  0%| F|  |TAMS 0x0000000087300000, 0x0000000087300000| Untracked 
| 116|0x0000000087400000, 0x0000000087400000, 0x0000000087500000|  0%| F|  |TAMS 0x0000000087400000, 0x0000000087400000| Untracked 
| 117|0x0000000087500000, 0x0000000087500000, 0x0000000087600000|  0%| F|  |TAMS 0x0000000087500000, 0x0000000087500000| Untracked 
| 118|0x0000000087600000, 0x0000000087600000, 0x0000000087700000|  0%| F|  |TAMS 0x0000000087600000, 0x0000000087600000| Untracked 
| 195|0x000000008c300000, 0x000000008c300000, 0x000000008c400000|  0%| F|  |TAMS 0x000000008c300000, 0x000000008c300000| Untracked 
| 196|0x000000008c400000, 0x000000008c400000, 0x000000008c500000|  0%| F|  |TAMS 0x000000008c400000, 0x000000008c400000| Untracked 
| 197|0x000000008c500000, 0x000000008c500000, 0x000000008c600000|  0%| F|  |TAMS 0x000000008c500000, 0x000000008c500000| Untracked 
| 198|0x000000008c600000, 0x000000008c600000, 0x000000008c700000|  0%| F|  |TAMS 0x000000008c600000, 0x000000008c600000| Untracked 
| 199|0x000000008c700000, 0x000000008c700000, 0x000000008c800000|  0%| F|  |TAMS 0x000000008c700000, 0x000000008c700000| Untracked 
| 200|0x000000008c800000, 0x000000008c800000, 0x000000008c900000|  0%| F|  |TAMS 0x000000008c800000, 0x000000008c800000| Untracked 
| 201|0x000000008c900000, 0x000000008c900000, 0x000000008ca00000|  0%| F|  |TAMS 0x000000008c900000, 0x000000008c900000| Untracked 
| 202|0x000000008ca00000, 0x000000008ca00000, 0x000000008cb00000|  0%| F|  |TAMS 0x000000008ca00000, 0x000000008ca00000| Untracked 
| 203|0x000000008cb00000, 0x000000008cb00000, 0x000000008cc00000|  0%| F|  |TAMS 0x000000008cb00000, 0x000000008cb00000| Untracked 
| 251|0x000000008fb00000, 0x000000008fb00000, 0x000000008fc00000|  0%| F|  |TAMS 0x000000008fb00000, 0x000000008fb00000| Untracked 

Card table byte_map: [0x000002840f400000,0x000002840f800000] _byte_map_base: 0x000002840f000000

Marking Bits (Prev, Next): (CMBitMap*) 0x000002847bffffa0, (CMBitMap*) 0x000002847bffff60
 Prev Bits: [0x0000028411c00000, 0x0000028413c00000)
 Next Bits: [0x000002840fc00000, 0x0000028411c00000)

Polling page: 0x000002847b760000

Metaspace:

Usage:
  Non-class:     45.62 MB used.
      Class:      7.04 MB used.
       Both:     52.66 MB used.

Virtual space:
  Non-class space:       48.00 MB reserved,      45.88 MB ( 96%) committed,  6 nodes.
      Class space:        1.00 GB reserved,       7.19 MB ( <1%) committed,  1 nodes.
             Both:        1.05 GB reserved,      53.06 MB (  5%) committed. 

Chunk freelists:
   Non-Class:  1.23 MB
       Class:  658.00 KB
        Both:  1.87 MB

MaxMetaspaceSize: unlimited
CompressedClassSpaceSize: 1.00 GB
Initial GC threshold: 21.00 MB
Current GC threshold: 88.44 MB
CDS: off
MetaspaceReclaimPolicy: balanced
 - commit_granule_bytes: 65536.
 - commit_granule_words: 8192.
 - virtual_space_node_default_size: 1048576.
 - enlarge_chunks_in_place: 1.
 - new_chunks_are_fully_committed: 0.
 - uncommit_free_chunks: 1.
 - use_allocation_guard: 0.
 - handle_deallocations: 1.


Internal statistics:

num_allocs_failed_limit: 3.
num_arena_births: 432.
num_arena_deaths: 2.
num_vsnodes_births: 7.
num_vsnodes_deaths: 0.
num_space_committed: 849.
num_space_uncommitted: 0.
num_chunks_returned_to_freelist: 6.
num_chunks_taken_from_freelist: 2116.
num_chunk_merges: 3.
num_chunk_splits: 1412.
num_chunks_enlarged: 1005.
num_purges: 2.
num_inconsistent_stats: 0.

CodeHeap 'non-profiled nmethods': size=119168Kb used=2645Kb max_used=2754Kb free=116523Kb
 bounds [0x0000028407ba0000, 0x0000028407e60000, 0x000002840f000000]
CodeHeap 'profiled nmethods': size=119104Kb used=9220Kb max_used=9402Kb free=109883Kb
 bounds [0x0000028400000000, 0x0000028400930000, 0x0000028407450000]
CodeHeap 'non-nmethods': size=7488Kb used=4001Kb max_used=4052Kb free=3486Kb
 bounds [0x0000028407450000, 0x0000028407850000, 0x0000028407ba0000]
 total_blobs=5604 nmethods=4769 adapters=743
 compilation: enabled
              stopped_count=0, restarted_count=0
 full_count=0

Compilation events (20 events):
Event: 7.396 Thread 0x000002841b55b4d0 nmethod 5491 0x0000028407cda610 code [0x0000028407cda780, 0x0000028407cda818]
Event: 7.396 Thread 0x00000284174aa230 nmethod 5488 0x00000284005fa610 code [0x00000284005fa880, 0x00000284005fb488]
Event: 7.396 Thread 0x000002841ae41d40 nmethod 5492 0x0000028407cda290 code [0x0000028407cda400, 0x0000028407cda518]
Event: 7.399 Thread 0x00000284174a9380 5493   !   4       java.util.zip.ZipFile$Source::readFullyAt (74 bytes)
Event: 7.403 Thread 0x00000284174a9380 nmethod 5493 0x0000028407cd9810 code [0x0000028407cd99c0, 0x0000028407cd9ed8]
Event: 7.406 Thread 0x000002841ae41d40 5494   !   4       java.util.zip.ZipFile$ZipFileInputStream::read (135 bytes)
Event: 7.414 Thread 0x000002841ae41d40 nmethod 5494 0x0000028407cd7c10 code [0x0000028407cd7e00, 0x0000028407cd8e60]
Event: 7.415 Thread 0x00000284174a9380 5495       4       org.gradle.api.internal.file.archive.impl.AbstractZipEntry::isDirectory (8 bytes)
Event: 7.415 Thread 0x000002841b55b4d0 5496       4       java.util.zip.ZipEntry::isDirectory (10 bytes)
Event: 7.415 Thread 0x000002841ae41d40 5497       4       org.gradle.api.internal.file.archive.impl.AbstractZipEntry::getName (8 bytes)
Event: 7.416 Thread 0x000002841ae41d40 nmethod 5497 0x0000028407cd7910 code [0x0000028407cd7a80, 0x0000028407cd7b38]
Event: 7.417 Thread 0x000002841b55b4d0 nmethod 5496 0x0000028407cd7510 code [0x0000028407cd7680, 0x0000028407cd7778]
Event: 7.418 Thread 0x00000284174a9380 nmethod 5495 0x0000028407cd7090 code [0x0000028407cd7220, 0x0000028407cd7358]
Event: 7.425 Thread 0x00000284174a9380 5498       4       com.google.common.collect.AbstractIterator::hasNext (65 bytes)
Event: 7.425 Thread 0x000002841ae41d40 5499       4       java.nio.ByteBuffer::limit (8 bytes)
Event: 7.426 Thread 0x000002841b55b4d0 5500       4       java.util.Optional::flatMap (38 bytes)
Event: 7.426 Thread 0x000002841ae41d40 nmethod 5499 0x0000028407cd6d10 code [0x0000028407cd6e80, 0x0000028407cd6f78]
Event: 7.426 Thread 0x000002841ae41d40 5501       4       org.gradle.internal.io.IoSupplier$$Lambda$642/0x000000010068abb0::get (8 bytes)
Event: 7.427 Thread 0x000002841b55b4d0 nmethod 5500 0x0000028407cd6a10 code [0x0000028407cd6b80, 0x0000028407cd6c58]
Event: 7.427 Thread 0x000002841b55b4d0 5502       4       org.gradle.api.internal.changedetection.state.FallbackHandlingResourceHasher$$Lambda$774/0x000000010075b678::get (12 bytes)

GC Heap History (20 events):
Event: 4.618 GC heap after
{Heap after GC invocations=7 (full 0):
 garbage-first heap   total 71680K, used 35689K [0x0000000080000000, 0x0000000100000000)
  region size 1024K, 5 young (5120K), 5 survivors (5120K)
 Metaspace       used 31017K, committed 31360K, reserved 1081344K
  class space    used 4195K, committed 4352K, reserved 1048576K
}
Event: 4.633 GC heap before
{Heap before GC invocations=7 (full 0):
 garbage-first heap   total 71680K, used 45929K [0x0000000080000000, 0x0000000100000000)
  region size 1024K, 6 young (6144K), 5 survivors (5120K)
 Metaspace       used 31017K, committed 31360K, reserved 1081344K
  class space    used 4195K, committed 4352K, reserved 1048576K
}
Event: 4.635 GC heap after
{Heap after GC invocations=8 (full 0):
 garbage-first heap   total 71680K, used 45229K [0x0000000080000000, 0x0000000100000000)
  region size 1024K, 1 young (1024K), 1 survivors (1024K)
 Metaspace       used 31017K, committed 31360K, reserved 1081344K
  class space    used 4195K, committed 4352K, reserved 1048576K
}
Event: 4.651 GC heap before
{Heap before GC invocations=9 (full 0):
 garbage-first heap   total 83968K, used 47277K [0x0000000080000000, 0x0000000100000000)
  region size 1024K, 2 young (2048K), 1 survivors (1024K)
 Metaspace       used 31028K, committed 31360K, reserved 1081344K
  class space    used 4197K, committed 4352K, reserved 1048576K
}
Event: 4.652 GC heap after
{Heap after GC invocations=10 (full 0):
 garbage-first heap   total 83968K, used 47516K [0x0000000080000000, 0x0000000100000000)
  region size 1024K, 1 young (1024K), 1 survivors (1024K)
 Metaspace       used 31028K, committed 31360K, reserved 1081344K
  class space    used 4197K, committed 4352K, reserved 1048576K
}
Event: 4.885 GC heap before
{Heap before GC invocations=11 (full 0):
 garbage-first heap   total 92160K, used 71068K [0x0000000080000000, 0x0000000100000000)
  region size 1024K, 18 young (18432K), 1 survivors (1024K)
 Metaspace       used 33138K, committed 33472K, reserved 1081344K
  class space    used 4541K, committed 4672K, reserved 1048576K
}
Event: 4.887 GC heap after
{Heap after GC invocations=12 (full 0):
 garbage-first heap   total 110592K, used 55449K [0x0000000080000000, 0x0000000100000000)
  region size 1024K, 2 young (2048K), 2 survivors (2048K)
 Metaspace       used 33138K, committed 33472K, reserved 1081344K
  class space    used 4541K, committed 4672K, reserved 1048576K
}
Event: 5.239 GC heap before
{Heap before GC invocations=12 (full 0):
 garbage-first heap   total 110592K, used 85145K [0x0000000080000000, 0x0000000100000000)
  region size 1024K, 32 young (32768K), 2 survivors (2048K)
 Metaspace       used 37640K, committed 37952K, reserved 1081344K
  class space    used 5180K, committed 5312K, reserved 1048576K
}
Event: 5.241 GC heap after
{Heap after GC invocations=13 (full 0):
 garbage-first heap   total 110592K, used 56487K [0x0000000080000000, 0x0000000100000000)
  region size 1024K, 3 young (3072K), 3 survivors (3072K)
 Metaspace       used 37640K, committed 37952K, reserved 1081344K
  class space    used 5180K, committed 5312K, reserved 1048576K
}
Event: 5.545 GC heap before
{Heap before GC invocations=14 (full 0):
 garbage-first heap   total 110592K, used 86183K [0x0000000080000000, 0x0000000100000000)
  region size 1024K, 33 young (33792K), 3 survivors (3072K)
 Metaspace       used 40786K, committed 41152K, reserved 1089536K
  class space    used 5580K, committed 5760K, reserved 1048576K
}
Event: 5.549 GC heap after
{Heap after GC invocations=15 (full 0):
 garbage-first heap   total 110592K, used 59065K [0x0000000080000000, 0x0000000100000000)
  region size 1024K, 5 young (5120K), 5 survivors (5120K)
 Metaspace       used 40786K, committed 41152K, reserved 1089536K
  class space    used 5580K, committed 5760K, reserved 1048576K
}
Event: 6.096 GC heap before
{Heap before GC invocations=15 (full 0):
 garbage-first heap   total 110592K, used 87737K [0x0000000080000000, 0x0000000100000000)
  region size 1024K, 34 young (34816K), 5 survivors (5120K)
 Metaspace       used 45111K, committed 45504K, reserved 1089536K
  class space    used 6147K, committed 6336K, reserved 1048576K
}
Event: 6.099 GC heap after
{Heap after GC invocations=16 (full 0):
 garbage-first heap   total 110592K, used 61147K [0x0000000080000000, 0x0000000100000000)
  region size 1024K, 5 young (5120K), 5 survivors (5120K)
 Metaspace       used 45111K, committed 45504K, reserved 1089536K
  class space    used 6147K, committed 6336K, reserved 1048576K
}
Event: 6.648 GC heap before
{Heap before GC invocations=17 (full 0):
 garbage-first heap   total 110592K, used 87771K [0x0000000080000000, 0x0000000100000000)
  region size 1024K, 32 young (32768K), 5 survivors (5120K)
 Metaspace       used 50205K, committed 50560K, reserved 1097728K
  class space    used 6733K, committed 6912K, reserved 1048576K
}
Event: 6.653 GC heap after
{Heap after GC invocations=18 (full 0):
 garbage-first heap   total 110592K, used 64644K [0x0000000080000000, 0x0000000100000000)
  region size 1024K, 5 young (5120K), 5 survivors (5120K)
 Metaspace       used 50205K, committed 50560K, reserved 1097728K
  class space    used 6733K, committed 6912K, reserved 1048576K
}
Event: 6.895 GC heap before
{Heap before GC invocations=19 (full 0):
 garbage-first heap   total 119808K, used 94340K [0x0000000080000000, 0x0000000100000000)
  region size 1024K, 29 young (29696K), 5 survivors (5120K)
 Metaspace       used 51242K, committed 51648K, reserved 1097728K
  class space    used 6788K, committed 6976K, reserved 1048576K
}
Event: 6.898 GC heap after
{Heap after GC invocations=20 (full 0):
 garbage-first heap   total 119808K, used 65596K [0x0000000080000000, 0x0000000100000000)
  region size 1024K, 2 young (2048K), 2 survivors (2048K)
 Metaspace       used 51242K, committed 51648K, reserved 1097728K
  class space    used 6788K, committed 6976K, reserved 1048576K
}
Event: 7.362 GC heap before
{Heap before GC invocations=20 (full 0):
 garbage-first heap   total 119808K, used 90172K [0x0000000080000000, 0x0000000100000000)
  region size 1024K, 27 young (27648K), 2 survivors (2048K)
 Metaspace       used 53880K, committed 54272K, reserved 1097728K
  class space    used 7208K, committed 7360K, reserved 1048576K
}
Event: 7.363 GC heap after
{Heap after GC invocations=21 (full 0):
 garbage-first heap   total 119808K, used 66404K [0x0000000080000000, 0x0000000100000000)
  region size 1024K, 2 young (2048K), 2 survivors (2048K)
 Metaspace       used 53880K, committed 54272K, reserved 1097728K
  class space    used 7208K, committed 7360K, reserved 1048576K
}
Event: 7.429 GC heap before
{Heap before GC invocations=22 (full 0):
 garbage-first heap   total 132096K, used 106340K [0x0000000080000000, 0x0000000100000000)
  region size 1024K, 33 young (33792K), 2 survivors (2048K)
 Metaspace       used 53925K, committed 54336K, reserved 1097728K
  class space    used 7213K, committed 7360K, reserved 1048576K
}

Dll operation events (3 events):
Event: 0.037 Loaded shared library D:\Game\2_MOBILE\jbr\bin\java.dll
Event: 0.168 Loaded shared library D:\Game\2_MOBILE\jbr\bin\zip.dll
Event: 0.370 Loaded shared library D:\Game\2_MOBILE\jbr\bin\verify.dll

Deoptimization events (20 events):
Event: 6.882 Thread 0x000002841a123a10 DEOPT PACKING pc=0x0000028407cded98 sp=0x000000a24caf9190
Event: 6.882 Thread 0x000002841a123a10 DEOPT UNPACKING pc=0x00000284074a69a3 sp=0x000000a24caf9128 mode 2
Event: 7.172 Thread 0x000002841a123a10 Uncommon trap: trap_request=0xffffff45 fr.pc=0x0000028407d8afb0 relative=0x0000000000000110
Event: 7.172 Thread 0x000002841a123a10 Uncommon trap: reason=unstable_if action=reinterpret pc=0x0000028407d8afb0 method=java.util.Arrays.hashCode([Ljava/lang/Object;)I @ 34 c2
Event: 7.172 Thread 0x000002841a123a10 DEOPT PACKING pc=0x0000028407d8afb0 sp=0x000000a24caf75b0
Event: 7.172 Thread 0x000002841a123a10 DEOPT UNPACKING pc=0x00000284074a69a3 sp=0x000000a24caf7528 mode 2
Event: 7.183 Thread 0x000002841a123a10 Uncommon trap: trap_request=0xffffff45 fr.pc=0x0000028407bc0ae0 relative=0x0000000000000060
Event: 7.183 Thread 0x000002841a123a10 Uncommon trap: reason=unstable_if action=reinterpret pc=0x0000028407bc0ae0 method=java.lang.Class.getComponentType()Ljava/lang/Class; @ 4 c2
Event: 7.183 Thread 0x000002841a123a10 DEOPT PACKING pc=0x0000028407bc0ae0 sp=0x000000a24caf5ce0
Event: 7.183 Thread 0x000002841a123a10 DEOPT UNPACKING pc=0x00000284074a69a3 sp=0x000000a24caf5c70 mode 2
Event: 7.309 Thread 0x000002841a123a10 DEOPT PACKING pc=0x00000284003faa1b sp=0x000000a24caf73d0
Event: 7.309 Thread 0x000002841a123a10 DEOPT UNPACKING pc=0x00000284074a7143 sp=0x000000a24caf6840 mode 0
Event: 7.345 Thread 0x000002841a123a10 Uncommon trap: trap_request=0xffffffde fr.pc=0x0000028407cded98 relative=0x0000000000000078
Event: 7.345 Thread 0x000002841a123a10 Uncommon trap: reason=class_check action=maybe_recompile pc=0x0000028407cded98 method=java.util.Collections$SetFromMap.remove(Ljava/lang/Object;)Z @ 5 c2
Event: 7.345 Thread 0x000002841a123a10 DEOPT PACKING pc=0x0000028407cded98 sp=0x000000a24caf8f20
Event: 7.345 Thread 0x000002841a123a10 DEOPT UNPACKING pc=0x00000284074a69a3 sp=0x000000a24caf8eb8 mode 2
Event: 7.359 Thread 0x000002841ae1d0c0 Uncommon trap: trap_request=0xffffff54 fr.pc=0x0000028407d8ed74 relative=0x0000000000000f94
Event: 7.359 Thread 0x000002841ae1d0c0 Uncommon trap: reason=speculate_null_assert action=make_not_entrant pc=0x0000028407d8ed74 method=java.lang.invoke.MethodType$ConcurrentWeakInternSet.add(Ljava/lang/Object;)Ljava/lang/Object; @ 47 c2
Event: 7.359 Thread 0x000002841ae1d0c0 DEOPT PACKING pc=0x0000028407d8ed74 sp=0x000000a24e0fd9f0
Event: 7.359 Thread 0x000002841ae1d0c0 DEOPT UNPACKING pc=0x00000284074a69a3 sp=0x000000a24e0fd998 mode 2

Classes unloaded (2 events):
Event: 7.377 Thread 0x00000284169a57c0 Unloading class 0x0000000100638558 '_BuildScript_$_run_closure1'
Event: 7.377 Thread 0x00000284169a57c0 Unloading class 0x0000000100638000 '_BuildScript_'

Classes redefined (0 events):
No events

Internal exceptions (20 events):
Event: 6.947 Thread 0x000002841ae183c0 Exception <a 'sun/nio/fs/WindowsException'{0x000000008fb90830}> (0x000000008fb90830) 
thrown [s\src\hotspot\share\prims\jni.cpp, line 517]
Event: 6.954 Thread 0x000002841ae183c0 Exception <a 'sun/nio/fs/WindowsException'{0x000000008fbdc6e8}> (0x000000008fbdc6e8) 
thrown [s\src\hotspot\share\prims\jni.cpp, line 517]
Event: 6.955 Thread 0x000002841ae183c0 Exception <a 'sun/nio/fs/WindowsException'{0x000000008fbdc868}> (0x000000008fbdc868) 
thrown [s\src\hotspot\share\prims\jni.cpp, line 517]
Event: 7.011 Thread 0x000002841a123a10 Exception <a 'java/lang/ClassNotFoundException'{0x000000008fb6fa20}: sync_studio_tooling1_8i7ygc2fzyrlxzty3tv9odh8bBeanInfo> (0x000000008fb6fa20) 
thrown [s\src\hotspot\share\classfile\systemDictionary.cpp, line 256]
Event: 7.011 Thread 0x000002841a123a10 Exception <a 'java/lang/ClassNotFoundException'{0x000000008fb76430}: sync_studio_tooling1_8i7ygc2fzyrlxzty3tv9odh8bCustomizer> (0x000000008fb76430) 
thrown [s\src\hotspot\share\classfile\systemDictionary.cpp, line 256]
Event: 7.020 Thread 0x000002841a123a10 Exception <a 'java/lang/ClassNotFoundException'{0x000000008cb3e368}: org/gradle/internal/metaobject/ConfigureDelegateBeanInfo> (0x000000008cb3e368) 
thrown [s\src\hotspot\share\classfile\systemDictionary.cpp, line 256]
Event: 7.020 Thread 0x000002841a123a10 Exception <a 'java/lang/ClassNotFoundException'{0x000000008cb4e8e8}: org/gradle/internal/metaobject/ConfigureDelegateCustomizer> (0x000000008cb4e8e8) 
thrown [s\src\hotspot\share\classfile\systemDictionary.cpp, line 256]
Event: 7.041 Thread 0x000002841a123a10 Exception <a 'java/lang/ClassNotFoundException'{0x000000008ca29020}: org/gradle/api/internal/initialization/DefaultScriptHandler_DecoratedBeanInfo> (0x000000008ca29020) 
thrown [s\src\hotspot\share\classfile\systemDictionary.cpp, line 256]
Event: 7.042 Thread 0x000002841a123a10 Exception <a 'java/lang/ClassNotFoundException'{0x000000008ca3a938}: org/gradle/api/internal/initialization/DefaultScriptHandlerBeanInfo> (0x000000008ca3a938) 
thrown [s\src\hotspot\share\classfile\systemDictionary.cpp, line 256]
Event: 7.042 Thread 0x000002841a123a10 Exception <a 'java/lang/ClassNotFoundException'{0x000000008ca4bcd0}: org/gradle/api/internal/initialization/DefaultScriptHandlerCustomizer> (0x000000008ca4bcd0) 
thrown [s\src\hotspot\share\classfile\systemDictionary.cpp, line 256]
Event: 7.044 Thread 0x000002841a123a10 Exception <a 'java/lang/ClassNotFoundException'{0x000000008ca69328}: org/gradle/api/internal/initialization/DefaultScriptHandler_DecoratedCustomizer> (0x000000008ca69328) 
thrown [s\src\hotspot\share\classfile\systemDictionary.cpp, line 256]
Event: 7.172 Thread 0x000002841a123a10 Implicit null exception at 0x0000028407d8aeec to 0x0000028407d8af94
Event: 7.178 Thread 0x000002841a123a10 Exception <a 'java/lang/ClassNotFoundException'{0x000000008c3d9660}: org/gradle/api/internal/artifacts/dsl/dependencies/DefaultDependencyHandler_DecoratedBeanInfo> (0x000000008c3d9660) 
thrown [s\src\hotspot\share\classfile\systemDictionary.cpp, line 256]
Event: 7.179 Thread 0x000002841a123a10 Exception <a 'java/lang/ClassNotFoundException'{0x000000008c3f04b8}: org/gradle/api/internal/artifacts/dsl/dependencies/DefaultDependencyHandlerBeanInfo> (0x000000008c3f04b8) 
thrown [s\src\hotspot\share\classfile\systemDictionary.cpp, line 256]
Event: 7.179 Thread 0x000002841a123a10 Exception <a 'java/lang/ClassNotFoundException'{0x0000000086a07088}: org/gradle/api/internal/artifacts/dsl/dependencies/DefaultDependencyHandlerCustomizer> (0x0000000086a07088) 
thrown [s\src\hotspot\share\classfile\systemDictionary.cpp, line 256]
Event: 7.181 Thread 0x000002841a123a10 Exception <a 'java/lang/ClassNotFoundException'{0x0000000086a469b8}: org/gradle/api/internal/artifacts/dsl/dependencies/DefaultDependencyHandler_DecoratedCustomizer> (0x0000000086a469b8) 
thrown [s\src\hotspot\share\classfile\systemDictionary.cpp, line 256]
Event: 7.225 Thread 0x000002841a123a10 Exception <a 'java/lang/NoSuchMethodError'{0x000000008674f748}: 'java.lang.Object java.lang.invoke.DirectMethodHandle$Holder.newInvokeSpecial(java.lang.Object, int, java.lang.Object)'> (0x000000008674f748) 
thrown [s\src\hotspot\share\interpreter\linkResolver.cpp, line 771]
Event: 7.250 Thread 0x000002841a123a10 Exception <a 'java/lang/NoSuchMethodError'{0x00000000864296a8}: 'void java.lang.invoke.DirectMethodHandle$Holder.invokeInterface(java.lang.Object, java.lang.Object)'> (0x00000000864296a8) 
thrown [s\src\hotspot\share\interpreter\linkResolver.cpp, line 771]
Event: 7.355 Thread 0x000002841a123a10 Exception <a 'java/lang/NoSuchMethodError'{0x0000000085df5cd0}: 'int java.lang.invoke.DirectMethodHandle$Holder.invokeStatic(java.lang.Object)'> (0x0000000085df5cd0) 
thrown [s\src\hotspot\share\interpreter\linkResolver.cpp, line 771]
Event: 7.355 Thread 0x000002841a123a10 Exception <a 'java/lang/NoSuchMethodError'{0x0000000085dfa0c0}: 'int java.lang.invoke.DirectMethodHandle$Holder.invokeStaticInit(java.lang.Object)'> (0x0000000085dfa0c0) 
thrown [s\src\hotspot\share\interpreter\linkResolver.cpp, line 771]

VM Operations (20 events):
Event: 6.546 Executing VM operation: ICBufferFull done
Event: 6.648 Executing VM operation: G1TryInitiateConcMark
Event: 6.653 Executing VM operation: G1TryInitiateConcMark done
Event: 6.666 Executing VM operation: G1Concurrent
Event: 6.673 Executing VM operation: G1Concurrent done
Event: 6.678 Executing VM operation: G1Concurrent
Event: 6.687 Executing VM operation: G1Concurrent done
Event: 6.757 Executing VM operation: HandshakeAllThreads
Event: 6.757 Executing VM operation: HandshakeAllThreads done
Event: 6.894 Executing VM operation: G1CollectForAllocation
Event: 6.899 Executing VM operation: G1CollectForAllocation done
Event: 7.138 Executing VM operation: HandshakeAllThreads
Event: 7.138 Executing VM operation: HandshakeAllThreads done
Event: 7.361 Executing VM operation: G1TryInitiateConcMark
Event: 7.363 Executing VM operation: G1TryInitiateConcMark done
Event: 7.376 Executing VM operation: G1Concurrent
Event: 7.383 Executing VM operation: G1Concurrent done
Event: 7.390 Executing VM operation: G1Concurrent
Event: 7.390 Executing VM operation: G1Concurrent done
Event: 7.429 Executing VM operation: G1CollectForAllocation

Events (20 events):
Event: 6.759 loading class java/util/stream/SortedOps$SizedIntSortingSink
Event: 6.759 loading class java/util/stream/SortedOps$AbstractIntSortingSink
Event: 6.759 loading class java/util/stream/SortedOps$AbstractIntSortingSink done
Event: 6.759 loading class java/util/stream/SortedOps$SizedIntSortingSink done
Event: 6.759 loading class java/util/stream/ReferencePipeline$4$1
Event: 6.759 loading class java/util/stream/ReferencePipeline$4$1 done
Event: 6.819 loading class java/util/regex/Pattern$1
Event: 6.819 loading class java/util/regex/Pattern$1 done
Event: 6.864 loading class java/util/stream/ReduceOps$5
Event: 6.865 loading class java/util/stream/ReduceOps$5 done
Event: 6.865 loading class java/util/stream/ReduceOps$CountingSink$OfRef
Event: 6.865 loading class java/util/stream/ReduceOps$CountingSink$OfRef done
Event: 7.032 loading class java/util/function/IntBinaryOperator
Event: 7.033 loading class java/util/function/IntBinaryOperator done
Event: 7.328 loading class java/io/DeleteOnExitHook
Event: 7.328 loading class java/io/DeleteOnExitHook done
Event: 7.328 loading class java/io/DeleteOnExitHook$1
Event: 7.328 loading class java/io/DeleteOnExitHook$1 done
Event: 7.390 loading class jdk/internal/access/foreign/MemorySegmentProxy
Event: 7.390 loading class jdk/internal/access/foreign/MemorySegmentProxy done


Dynamic libraries:
0x00007ff65c610000 - 0x00007ff65c61a000 	D:\Game\2_MOBILE\jbr\bin\java.exe
0x00007ffc16210000 - 0x00007ffc16426000 	C:\WINDOWS\SYSTEM32\ntdll.dll
0x00007ffc15530000 - 0x00007ffc155f4000 	C:\WINDOWS\System32\KERNEL32.DLL
0x00007ffc135d0000 - 0x00007ffc13976000 	C:\WINDOWS\System32\KERNELBASE.dll
0x00007ffc13e40000 - 0x00007ffc13f51000 	C:\WINDOWS\System32\ucrtbase.dll
0x00007ffb94730000 - 0x00007ffb94747000 	D:\Game\2_MOBILE\jbr\bin\jli.dll
0x00007ffb968e0000 - 0x00007ffb968fb000 	D:\Game\2_MOBILE\jbr\bin\VCRUNTIME140.dll
0x00007ffc14560000 - 0x00007ffc1470d000 	C:\WINDOWS\System32\USER32.dll
0x00007ffbf51b0000 - 0x00007ffbf5443000 	C:\WINDOWS\WinSxS\amd64_microsoft.windows.common-controls_6595b64144ccf1df_6.0.22621.3235_none_270f74e173860f98\COMCTL32.dll
0x00007ffc13be0000 - 0x00007ffc13c06000 	C:\WINDOWS\System32\win32u.dll
0x00007ffc16140000 - 0x00007ffc16169000 	C:\WINDOWS\System32\GDI32.dll
0x00007ffc15880000 - 0x00007ffc15927000 	C:\WINDOWS\System32\msvcrt.dll
0x00007ffc13a20000 - 0x00007ffc13b38000 	C:\WINDOWS\System32\gdi32full.dll
0x00007ffc13b40000 - 0x00007ffc13bda000 	C:\WINDOWS\System32\msvcp_win.dll
0x00007ffc15bc0000 - 0x00007ffc15bf1000 	C:\WINDOWS\System32\IMM32.DLL
0x00007ffba7660000 - 0x00007ffba766c000 	D:\Game\2_MOBILE\jbr\bin\vcruntime140_1.dll
0x00007ffb802f0000 - 0x00007ffb8037d000 	D:\Game\2_MOBILE\jbr\bin\msvcp140.dll
0x00007ffb8d670000 - 0x00007ffb8e2dd000 	D:\Game\2_MOBILE\jbr\bin\server\jvm.dll
0x00007ffc15280000 - 0x00007ffc15332000 	C:\WINDOWS\System32\ADVAPI32.dll
0x00007ffc15a30000 - 0x00007ffc15ad8000 	C:\WINDOWS\System32\sechost.dll
0x00007ffc13980000 - 0x00007ffc139a8000 	C:\WINDOWS\System32\bcrypt.dll
0x00007ffc143f0000 - 0x00007ffc14505000 	C:\WINDOWS\System32\RPCRT4.dll
0x00007ffc08550000 - 0x00007ffc08584000 	C:\WINDOWS\SYSTEM32\WINMM.dll
0x00007ffc065d0000 - 0x00007ffc065da000 	C:\WINDOWS\SYSTEM32\VERSION.dll
0x00007ffbedba0000 - 0x00007ffbedba9000 	C:\WINDOWS\SYSTEM32\WSOCK32.dll
0x00007ffc15040000 - 0x00007ffc150b1000 	C:\WINDOWS\System32\WS2_32.dll
0x00007ffc12620000 - 0x00007ffc12638000 	C:\WINDOWS\SYSTEM32\kernel.appcore.dll
0x00007ffbbbcb0000 - 0x00007ffbbbcba000 	D:\Game\2_MOBILE\jbr\bin\jimage.dll
0x00007ffc10920000 - 0x00007ffc10b53000 	C:\WINDOWS\SYSTEM32\DBGHELP.DLL
0x00007ffc15db0000 - 0x00007ffc16138000 	C:\WINDOWS\System32\combase.dll
0x00007ffc15ae0000 - 0x00007ffc15bb7000 	C:\WINDOWS\System32\OLEAUT32.dll
0x00007ffbe3160000 - 0x00007ffbe3192000 	C:\WINDOWS\SYSTEM32\dbgcore.DLL
0x00007ffc13550000 - 0x00007ffc135ca000 	C:\WINDOWS\System32\bcryptPrimitives.dll
0x00007ffbe6bf0000 - 0x00007ffbe6bfe000 	D:\Game\2_MOBILE\jbr\bin\instrument.dll
0x00007ffba7400000 - 0x00007ffba7425000 	D:\Game\2_MOBILE\jbr\bin\java.dll
0x00007ffba73e0000 - 0x00007ffba73f8000 	D:\Game\2_MOBILE\jbr\bin\zip.dll
0x00007ffc147d0000 - 0x00007ffc1502d000 	C:\WINDOWS\System32\SHELL32.dll
0x00007ffc11470000 - 0x00007ffc11d68000 	C:\WINDOWS\SYSTEM32\windows.storage.dll
0x00007ffc11330000 - 0x00007ffc1146e000 	C:\WINDOWS\SYSTEM32\wintypes.dll
0x00007ffc15930000 - 0x00007ffc15a23000 	C:\WINDOWS\System32\SHCORE.dll
0x00007ffc157a0000 - 0x00007ffc157fe000 	C:\WINDOWS\System32\shlwapi.dll
0x00007ffc13480000 - 0x00007ffc134a6000 	C:\WINDOWS\SYSTEM32\profapi.dll
0x00007ffba73c0000 - 0x00007ffba73d9000 	D:\Game\2_MOBILE\jbr\bin\net.dll
0x00007ffc09ef0000 - 0x00007ffc0a027000 	C:\WINDOWS\SYSTEM32\WINHTTP.dll
0x00007ffc12b00000 - 0x00007ffc12b69000 	C:\WINDOWS\system32\mswsock.dll
0x00007ffba73a0000 - 0x00007ffba73b6000 	D:\Game\2_MOBILE\jbr\bin\nio.dll
0x00007ffbbb520000 - 0x00007ffbbb530000 	D:\Game\2_MOBILE\jbr\bin\verify.dll
0x00007ffbe3ce0000 - 0x00007ffbe3d07000 	C:\Users\GIA KIET\.gradle\native\c067742578af261105cb4f569cf0c3c89f3d7b1fecec35dd04571415982c5e48\windows-amd64\native-platform.dll
0x00007ffbb1ca0000 - 0x00007ffbb1de4000 	C:\Users\GIA KIET\.gradle\native\38dada09dfb8b06ba9b0570ebf7e218e3eb74d4ef43ca46872605cf95ebc2f47\windows-amd64\native-platform-file-events.dll
0x00007ffbbb6d0000 - 0x00007ffbbb6d9000 	D:\Game\2_MOBILE\jbr\bin\management.dll
0x00007ffbbb680000 - 0x00007ffbbb68b000 	D:\Game\2_MOBILE\jbr\bin\management_ext.dll
0x00007ffc13f60000 - 0x00007ffc13f68000 	C:\WINDOWS\System32\PSAPI.DLL
0x00007ffc12d50000 - 0x00007ffc12d6b000 	C:\WINDOWS\SYSTEM32\CRYPTSP.dll
0x00007ffc125e0000 - 0x00007ffc12615000 	C:\WINDOWS\system32\rsaenh.dll
0x00007ffc12bf0000 - 0x00007ffc12c1c000 	C:\WINDOWS\SYSTEM32\USERENV.dll
0x00007ffc12d70000 - 0x00007ffc12d7c000 	C:\WINDOWS\SYSTEM32\CRYPTBASE.dll
0x00007ffc12040000 - 0x00007ffc1206d000 	C:\WINDOWS\SYSTEM32\IPHLPAPI.DLL
0x00007ffc15030000 - 0x00007ffc15039000 	C:\WINDOWS\System32\NSI.dll
0x00007ffc0a1f0000 - 0x00007ffc0a209000 	C:\WINDOWS\SYSTEM32\dhcpcsvc6.DLL
0x00007ffc09a10000 - 0x00007ffc09a2f000 	C:\WINDOWS\SYSTEM32\dhcpcsvc.DLL
0x00007ffc120b0000 - 0x00007ffc121a9000 	C:\WINDOWS\SYSTEM32\DNSAPI.dll
0x00007ffbe6880000 - 0x00007ffbe6888000 	C:\WINDOWS\system32\wshunix.dll

dbghelp: loaded successfully - version: 4.0.5 - missing functions: none
symbol engine: initialized successfully - sym options: 0x614 - pdb path: .;D:\Game\2_MOBILE\jbr\bin;C:\WINDOWS\SYSTEM32;C:\WINDOWS\WinSxS\amd64_microsoft.windows.common-controls_6595b64144ccf1df_6.0.22621.3235_none_270f74e173860f98;D:\Game\2_MOBILE\jbr\bin\server;C:\Users\GIA KIET\.gradle\native\c067742578af261105cb4f569cf0c3c89f3d7b1fecec35dd04571415982c5e48\windows-amd64;C:\Users\GIA KIET\.gradle\native\38dada09dfb8b06ba9b0570ebf7e218e3eb74d4ef43ca46872605cf95ebc2f47\windows-amd64

VM Arguments:
jvm_args: --add-opens=java.base/java.util=ALL-UNNAMED --add-opens=java.base/java.lang=ALL-UNNAMED --add-opens=java.base/java.lang.invoke=ALL-UNNAMED --add-opens=java.prefs/java.util.prefs=ALL-UNNAMED --add-opens=java.base/java.nio.charset=ALL-UNNAMED --add-opens=java.base/java.net=ALL-UNNAMED --add-opens=java.base/java.util.concurrent.atomic=ALL-UNNAMED -Xmx2048m -Dfile.encoding=UTF-8 -Duser.country=US -Duser.language=en -Duser.variant -javaagent:C:\Users\GIA KIET\.gradle\wrapper\dists\gradle-8.4-bin\1w5dpkrfk8irigvoxmyhowfim\gradle-8.4\lib\agents\gradle-instrumentation-agent-8.4.jar 
java_command: org.gradle.launcher.daemon.bootstrap.GradleDaemon 8.4
java_class_path (initial): C:\Users\GIA KIET\.gradle\wrapper\dists\gradle-8.4-bin\1w5dpkrfk8irigvoxmyhowfim\gradle-8.4\lib\gradle-launcher-8.4.jar
Launcher Type: SUN_STANDARD

[Global flags]
     intx CICompilerCount                          = 12                                        {product} {ergonomic}
     uint ConcGCThreads                            = 3                                         {product} {ergonomic}
     uint G1ConcRefinementThreads                  = 13                                        {product} {ergonomic}
   size_t G1HeapRegionSize                         = 1048576                                   {product} {ergonomic}
    uintx GCDrainStackTargetSize                   = 64                                        {product} {ergonomic}
   size_t InitialHeapSize                          = 264241152                                 {product} {ergonomic}
   size_t MarkStackSize                            = 4194304                                   {product} {ergonomic}
   size_t MaxHeapSize                              = 2147483648                                {product} {command line}
   size_t MaxNewSize                               = 1287651328                                {product} {ergonomic}
   size_t MinHeapDeltaBytes                        = 1048576                                   {product} {ergonomic}
   size_t MinHeapSize                              = 8388608                                   {product} {ergonomic}
    uintx NonNMethodCodeHeapSize                   = 7602480                                {pd product} {ergonomic}
    uintx NonProfiledCodeHeapSize                  = 122027880                              {pd product} {ergonomic}
    uintx ProfiledCodeHeapSize                     = 122027880                              {pd product} {ergonomic}
    uintx ReservedCodeCacheSize                    = 251658240                              {pd product} {ergonomic}
     bool SegmentedCodeCache                       = true                                      {product} {ergonomic}
   size_t SoftMaxHeapSize                          = 2147483648                             {manageable} {ergonomic}
     bool UseCompressedClassPointers               = true                           {product lp64_product} {ergonomic}
     bool UseCompressedOops                        = true                           {product lp64_product} {ergonomic}
     bool UseG1GC                                  = true                                      {product} {ergonomic}
     bool UseLargePagesIndividualAllocation        = false                                  {pd product} {ergonomic}

Logging:
Log output configuration:
 #0: stdout all=warning uptime,level,tags
 #1: stderr all=off uptime,level,tags

Environment Variables:
JAVA_HOME=D:\Game\Java\jdk-20
PATH=C:\Windows\system32;C:\Windows;C:\Windows\System32\Wbem;C:\Windows\System32\WindowsPowerShell\v1.0\;C:\Windows\System32\OpenSSH\;C:\Program Files (x86)\NVIDIA Corporation\PhysX\Common;C:\Program Files\NVIDIA Corporation\NVIDIA NvDLISR;C:\Users\GIA KIET\AppData\Local\Programs\Eclipse Adoptium\jdk-17.0.3.7-hotspot\\bin;D:\APP\Dev-Cpp\MinGW64\bin\g++.exe;C:\MinGW\bin;D:\Game\Java\jdk-20\bin;D:\APP\MinGW;C:\Program Files\Microsoft SQL Server\Client SDK\ODBC\170\Tools\Binn\;C:\Program Files (x86)\Microsoft SQL Server\150\Tools\Binn\;C:\Program Files\Microsoft SQL Server\150\Tools\Binn\;C:\Program Files\Microsoft SQL Server\150\DTS\Binn\;C:\Program Files\Azure Data Studio\bin;C:\WINDOWS\system32;C:\WINDOWS;C:\WINDOWS\System32\Wbem;C:\WINDOWS\System32\WindowsPowerShell\v1.0\;C:\WINDOWS\System32\OpenSSH\;D:\APP\github_install\Git\bin;C:\Program Files\Git\cmd;D:\APP\JAVA\bin;C:\Program Files\Java\jdk-20\bin;C:\Program Files\Docker\Docker\resources\bin;D:\APP\oracle\bin;D:\APP\SDK_ANDROID;D:\Game\Java\jdk-20\bin;D:\APP\xampp\php;D:\APP\Composer;C:\Users\GIA KIET\AppData\Roaming\Composer\vendor\squizlabs\php_codesniffer\bin;C:\Users\GIA KIET\AppData\Roaming\Composer\vendor\bin;D:\APP\LFS\Git LFS;D:\APP\nodejs\;D:\APP\Py;D:\APP\Py\Scripts;D:\APP\R\R-4.3.2\bin;D:\APP\Go\bin;C:\Program Files\Microsoft SQL Server\160\DTS\Binn\;C:\Program Files\dotnet\;C:\Program Files (x86)\Microsoft SQL Server\160\Tools\Binn\;C:\Program Files\Microsoft SQL Server\160\Tools\Binn\;C:\Program Files (x86)\Microsoft SQL Server\160\DTS\Binn\;C:\Program Files\Microsoft SQL Server\130\DTS\Binn\;C:\Program Files\Microsoft SQL Server\140\DTS\Binn\;C:\Users\GIA KIET\AppData\Local\Programs\Python\Launcher\;C:\Users\GIA KIET\AppData\Local\Microsoft\WindowsApps;D:\APP\MinGW\mingw32\bin;C:\Program Files\Azure Data Studio\bin;D:\APP\Microsoft VS Code\Microsoft VS Code\bin;D:\APP\github_install\Git\bin;D:\APP\github_install\Git\cmd;D:\APP\Flutter\src\flutter\bin;D:\APP\JAVA\bin;D:\APP\SonaraQube\sonar-scanner-4
USERNAME=GIA KIET
OS=Windows_NT
PROCESSOR_IDENTIFIER=Intel64 Family 6 Model 154 Stepping 3, GenuineIntel
TMP=C:\Users\GIAKIE~1\AppData\Local\Temp
TEMP=C:\Users\GIAKIE~1\AppData\Local\Temp



---------------  S Y S T E M  ---------------

OS:
 Windows 11 , 64 bit Build 22621 (10.0.22621.3235)
OS uptime: 0 days 1:29 hours
Hyper-V role detected

CPU: total 16 (initial active 16) (8 cores per cpu, 2 threads per core) family 6 model 154 stepping 3 microcode 0x41b, cx8, cmov, fxsr, ht, mmx, 3dnowpref, sse, sse2, sse3, ssse3, sse4.1, sse4.2, popcnt, lzcnt, tsc, tscinvbit, avx, avx2, aes, erms, clmul, bmi1, bmi2, adx, sha, fma, vzeroupper, clflush, clflushopt, clwb, hv

Memory: 4k page, system-wide physical 16088M (812M free)
TotalPageFile size 24588M (AvailPageFile size 6M)
current process WorkingSet (physical memory assigned to process): 305M, peak: 306M
current process commit charge ("private bytes"): 353M, peak: 405M

vm_info: OpenJDK 64-Bit Server VM (17.0.6+0-b2043.56-9586694) for windows-amd64 JRE (17.0.6+0-b2043.56-9586694), built on Feb  9 2023 20:06:20 by "androidbuild" with MS VC++ 16.10 / 16.11 (VS2019)

END.
